# JRE version: OpenJDK Runtime Environment (11.0.2+9) (build 11.0.2+9)
# Java VM: OpenJDK 64-Bit Server VM (11.0.2+9, mixed mode, tiered, compressed oops, g1 gc, windows-amd64)
Heap:
 garbage-first heap   total 272384K, used 94999K [0x00000000c2000000, 0x0000000100000000)
  region size 1024K, 1 young (1024K), 1 survivors (1024K)
 Metaspace       used 26035K, capacity 27126K, committed 27388K, reserved 1073152K
  class space    used 3231K, capacity 3627K, committed 3660K, reserved 1048576K
GC Heap History (10 events):
Event: 438.051 GC heap after
{Heap after GC invocations=84 (full 0):
 garbage-first heap   total 97280K, used 92834K [0x00000000c2000000, 0x0000000100000000)
  region size 1024K, 1 young (1024K), 1 survivors (1024K)
 Metaspace       used 26035K, capacity 27126K, committed 27388K, reserved 1073152K
  class space    used 3231K, capacity 3627K, committed 3660K, reserved 1048576K
}
Event: 438.058 GC heap before
{Heap before GC invocations=84 (full 0):
 garbage-first heap   total 97280K, used 95906K [0x00000000c2000000, 0x0000000100000000)
  region size 1024K, 4 young (4096K), 1 survivors (1024K)
 Metaspace       used 26035K, capacity 27126K, committed 27388K, reserved 1073152K
  class space    used 3231K, capacity 3627K, committed 3660K, reserved 1048576K
}
Event: 438.060 GC heap after
{Heap after GC invocations=85 (full 0):
 garbage-first heap   total 98304K, used 93289K [0x00000000c2000000, 0x0000000100000000)
  region size 1024K, 1 young (1024K), 1 survivors (1024K)
 Metaspace       used 26035K, capacity 27126K, committed 27388K, reserved 1073152K
  class space    used 3231K, capacity 3627K, committed 3660K, reserved 1048576K
}
Event: 438.067 GC heap before
{Heap before GC invocations=85 (full 0):
 garbage-first heap   total 98304K, used 96361K [0x00000000c2000000, 0x0000000100000000)
  region size 1024K, 4 young (4096K), 1 survivors (1024K)
 Metaspace       used 26035K, capacity 27126K, committed 27388K, reserved 1073152K
  class space    used 3231K, capacity 3627K, committed 3660K, reserved 1048576K
}
Event: 438.071 GC heap after
{Heap after GC invocations=86 (full 0):
 garbage-first heap   total 98304K, used 93700K [0x00000000c2000000, 0x0000000100000000)
  region size 1024K, 1 young (1024K), 1 survivors (1024K)
 Metaspace       used 26035K, capacity 27126K, committed 27388K, reserved 1073152K
  class space    used 3231K, capacity 3627K, committed 3660K, reserved 1048576K
}
Event: 438.078 GC heap before
{Heap before GC invocations=86 (full 0):
 garbage-first heap   total 98304K, used 96772K [0x00000000c2000000, 0x0000000100000000)
  region size 1024K, 4 young (4096K), 1 survivors (1024K)
 Metaspace       used 26035K, capacity 27126K, committed 27388K, reserved 1073152K
  class space    used 3231K, capacity 3627K, committed 3660K, reserved 1048576K
}
Event: 438.080 GC heap after
{Heap after GC invocations=87 (full 0):
 garbage-first heap   total 99328K, used 94125K [0x00000000c2000000, 0x0000000100000000)
  region size 1024K, 1 young (1024K), 1 survivors (1024K)
 Metaspace       used 26035K, capacity 27126K, committed 27388K, reserved 1073152K
  class space    used 3231K, capacity 3627K, committed 3660K, reserved 1048576K
}
Event: 438.085 GC heap before
{Heap before GC invocations=87 (full 0):
 garbage-first heap   total 99328K, used 97197K [0x00000000c2000000, 0x0000000100000000)
  region size 1024K, 4 young (4096K), 1 survivors (1024K)
 Metaspace       used 26035K, capacity 27126K, committed 27388K, reserved 1073152K
  class space    used 3231K, capacity 3627K, committed 3660K, reserved 1048576K
}
Event: 438.087 GC heap after
{Heap after GC invocations=88 (full 0):
 garbage-first heap   total 99328K, used 94537K [0x00000000c2000000, 0x0000000100000000)
  region size 1024K, 1 young (1024K), 1 survivors (1024K)
 Metaspace       used 26035K, capacity 27126K, committed 27388K, reserved 1073152K
  class space    used 3231K, capacity 3627K, committed 3660K, reserved 1048576K
}
Event: 438.092 GC heap before
{Heap before GC invocations=88 (full 0):
 garbage-first heap   total 99328K, used 97609K [0x00000000c2000000, 0x0000000100000000)
  region size 1024K, 4 young (4096K), 1 survivors (1024K)
 Metaspace       used 26035K, capacity 27126K, committed 27388K, reserved 1073152K
  class space    used 3231K, capacity 3627K, committed 3660K, reserved 1048576K
}

