# JRE version: OpenJDK Runtime Environment (11.0.2+9) (build 11.0.2+9)
# Java VM: OpenJDK 64-Bit Server VM (11.0.2+9, mixed mode, tiered, compressed oops, g1 gc, windows-amd64)
Heap:
 garbage-first heap   total 248832K, used 79036K [0x00000000c2000000, 0x0000000100000000)
  region size 1024K, 1 young (1024K), 1 survivors (1024K)
 Metaspace       used 25980K, capacity 27059K, committed 27184K, reserved 1073152K
  class space    used 3227K, capacity 3626K, committed 3712K, reserved 1048576K
GC Heap History (10 events):
Event: 370.958 GC heap after
{Heap after GC invocations=76 (full 0):
 garbage-first heap   total 86016K, used 76883K [0x00000000c2000000, 0x0000000100000000)
  region size 1024K, 1 young (1024K), 1 survivors (1024K)
 Metaspace       used 25980K, capacity 27059K, committed 27184K, reserved 1073152K
  class space    used 3227K, capacity 3626K, committed 3712K, reserved 1048576K
}
Event: 370.963 GC heap before
{Heap before GC invocations=76 (full 0):
 garbage-first heap   total 86016K, used 79955K [0x00000000c2000000, 0x0000000100000000)
  region size 1024K, 4 young (4096K), 1 survivors (1024K)
 Metaspace       used 25980K, capacity 27059K, committed 27184K, reserved 1073152K
  class space    used 3227K, capacity 3626K, committed 3712K, reserved 1048576K
}
Event: 370.966 GC heap after
{Heap after GC invocations=77 (full 0):
 garbage-first heap   total 86016K, used 77369K [0x00000000c2000000, 0x0000000100000000)
  region size 1024K, 1 young (1024K), 1 survivors (1024K)
 Metaspace       used 25980K, capacity 27059K, committed 27184K, reserved 1073152K
  class space    used 3227K, capacity 3626K, committed 3712K, reserved 1048576K
}
Event: 370.969 GC heap before
{Heap before GC invocations=77 (full 0):
 garbage-first heap   total 86016K, used 80441K [0x00000000c2000000, 0x0000000100000000)
  region size 1024K, 4 young (4096K), 1 survivors (1024K)
 Metaspace       used 25980K, capacity 27059K, committed 27184K, reserved 1073152K
  class space    used 3227K, capacity 3626K, committed 3712K, reserved 1048576K
}
Event: 370.971 GC heap after
{Heap after GC invocations=78 (full 0):
 garbage-first heap   total 86016K, used 77818K [0x00000000c2000000, 0x0000000100000000)
  region size 1024K, 1 young (1024K), 1 survivors (1024K)
 Metaspace       used 25980K, capacity 27059K, committed 27184K, reserved 1073152K
  class space    used 3227K, capacity 3626K, committed 3712K, reserved 1048576K
}
Event: 370.982 GC heap before
{Heap before GC invocations=78 (full 0):
 garbage-first heap   total 86016K, used 80890K [0x00000000c2000000, 0x0000000100000000)
  region size 1024K, 4 young (4096K), 1 survivors (1024K)
 Metaspace       used 25980K, capacity 27059K, committed 27184K, reserved 1073152K
  class space    used 3227K, capacity 3626K, committed 3712K, reserved 1048576K
}
Event: 370.984 GC heap after
{Heap after GC invocations=79 (full 0):
 garbage-first heap   total 86016K, used 78219K [0x00000000c2000000, 0x0000000100000000)
  region size 1024K, 1 young (1024K), 1 survivors (1024K)
 Metaspace       used 25980K, capacity 27059K, committed 27184K, reserved 1073152K
  class space    used 3227K, capacity 3626K, committed 3712K, reserved 1048576K
}
Event: 370.991 GC heap before
{Heap before GC invocations=79 (full 0):
 garbage-first heap   total 86016K, used 81291K [0x00000000c2000000, 0x0000000100000000)
  region size 1024K, 4 young (4096K), 1 survivors (1024K)
 Metaspace       used 25980K, capacity 27059K, committed 27184K, reserved 1073152K
  class space    used 3227K, capacity 3626K, committed 3712K, reserved 1048576K
}
Event: 370.994 GC heap after
{Heap after GC invocations=80 (full 0):
 garbage-first heap   total 86016K, used 78614K [0x00000000c2000000, 0x0000000100000000)
  region size 1024K, 1 young (1024K), 1 survivors (1024K)
 Metaspace       used 25980K, capacity 27059K, committed 27184K, reserved 1073152K
  class space    used 3227K, capacity 3626K, committed 3712K, reserved 1048576K
}
Event: 370.999 GC heap before
{Heap before GC invocations=80 (full 0):
 garbage-first heap   total 86016K, used 81686K [0x00000000c2000000, 0x0000000100000000)
  region size 1024K, 4 young (4096K), 1 survivors (1024K)
 Metaspace       used 25980K, capacity 27059K, committed 27184K, reserved 1073152K
  class space    used 3227K, capacity 3626K, committed 3712K, reserved 1048576K
}

