# JRE version: OpenJDK Runtime Environment (11.0.2+9) (build 11.0.2+9)
# Java VM: OpenJDK 64-Bit Server VM (11.0.2+9, mixed mode, tiered, compressed oops, g1 gc, windows-amd64)
Heap:
 garbage-first heap   total 146432K, used 84571K [0x00000000c2000000, 0x0000000100000000)
  region size 1024K, 33 young (33792K), 1 survivors (1024K)
 Metaspace       used 24464K, capacity 25199K, committed 25852K, reserved 1071104K
  class space    used 2800K, capacity 3081K, committed 3404K, reserved 1048576K
GC Heap History (10 events):
Event: 2082.741 GC heap before
{Heap before GC invocations=39 (full 0):
 garbage-first heap   total 63488K, used 53430K [0x00000000c2000000, 0x0000000100000000)
  region size 1024K, 3 young (3072K), 1 survivors (1024K)
 Metaspace       used 24330K, capacity 25057K, committed 25724K, reserved 1071104K
  class space    used 2771K, capacity 3036K, committed 3276K, reserved 1048576K
}
Event: 2082.743 GC heap after
{Heap after GC invocations=40 (full 0):
 garbage-first heap   total 63488K, used 51671K [0x00000000c2000000, 0x0000000100000000)
  region size 1024K, 1 young (1024K), 1 survivors (1024K)
 Metaspace       used 24330K, capacity 25057K, committed 25724K, reserved 1071104K
  class space    used 2771K, capacity 3036K, committed 3276K, reserved 1048576K
}
Event: 2082.749 GC heap before
{Heap before GC invocations=40 (full 0):
 garbage-first heap   total 63488K, used 53719K [0x00000000c2000000, 0x0000000100000000)
  region size 1024K, 3 young (3072K), 1 survivors (1024K)
 Metaspace       used 24330K, capacity 25057K, committed 25724K, reserved 1071104K
  class space    used 2771K, capacity 3036K, committed 3276K, reserved 1048576K
}
Event: 2082.751 GC heap after
{Heap after GC invocations=41 (full 0):
 garbage-first heap   total 63488K, used 51946K [0x00000000c2000000, 0x0000000100000000)
  region size 1024K, 1 young (1024K), 1 survivors (1024K)
 Metaspace       used 24330K, capacity 25057K, committed 25724K, reserved 1071104K
  class space    used 2771K, capacity 3036K, committed 3276K, reserved 1048576K
}
Event: 2082.758 GC heap before
{Heap before GC invocations=41 (full 0):
 garbage-first heap   total 63488K, used 53994K [0x00000000c2000000, 0x0000000100000000)
  region size 1024K, 3 young (3072K), 1 survivors (1024K)
 Metaspace       used 24330K, capacity 25057K, committed 25724K, reserved 1071104K
  class space    used 2771K, capacity 3036K, committed 3276K, reserved 1048576K
}
Event: 2082.760 GC heap after
{Heap after GC invocations=42 (full 0):
 garbage-first heap   total 63488K, used 52289K [0x00000000c2000000, 0x0000000100000000)
  region size 1024K, 1 young (1024K), 1 survivors (1024K)
 Metaspace       used 24330K, capacity 25057K, committed 25724K, reserved 1071104K
  class space    used 2771K, capacity 3036K, committed 3276K, reserved 1048576K
}
Event: 2082.770 GC heap before
{Heap before GC invocations=42 (full 0):
 garbage-first heap   total 63488K, used 54337K [0x00000000c2000000, 0x0000000100000000)
  region size 1024K, 3 young (3072K), 1 survivors (1024K)
 Metaspace       used 24330K, capacity 25057K, committed 25724K, reserved 1071104K
  class space    used 2771K, capacity 3036K, committed 3276K, reserved 1048576K
}
Event: 2082.772 GC heap after
{Heap after GC invocations=43 (full 0):
 garbage-first heap   total 63488K, used 52548K [0x00000000c2000000, 0x0000000100000000)
  region size 1024K, 1 young (1024K), 1 survivors (1024K)
 Metaspace       used 24330K, capacity 25057K, committed 25724K, reserved 1071104K
  class space    used 2771K, capacity 3036K, committed 3276K, reserved 1048576K
}
Event: 2082.780 GC heap before
{Heap before GC invocations=43 (full 0):
 garbage-first heap   total 63488K, used 54596K [0x00000000c2000000, 0x0000000100000000)
  region size 1024K, 3 young (3072K), 1 survivors (1024K)
 Metaspace       used 24330K, capacity 25057K, committed 25724K, reserved 1071104K
  class space    used 2771K, capacity 3036K, committed 3276K, reserved 1048576K
}
Event: 2082.785 GC heap after
{Heap after GC invocations=44 (full 0):
 garbage-first heap   total 146432K, used 52827K [0x00000000c2000000, 0x0000000100000000)
  region size 1024K, 1 young (1024K), 1 survivors (1024K)
 Metaspace       used 24330K, capacity 25057K, committed 25724K, reserved 1071104K
  class space    used 2771K, capacity 3036K, committed 3276K, reserved 1048576K
}

